<?xml version="1.0" encoding="UTF-8"?>
<!-- Generated by org.testng.reporters.JUnitXMLReporter -->
<testsuite ignored="0" hostname="DESKTOP-FQ8B5OB" failures="1" tests="1" name="Default test" time="40.345" errors="0" timestamp="2024-06-16T18:48:37 IST">
  <testcase classname="io.cucumber.testng.AbstractTestNGCucumberTests" name="runScenario" time="30.06">
    <failure type="io.cucumber.datatable.UndefinedDataTableTypeException" message="Can&amp;apos;t convert DataTable to List&amp;lt;java.lang.String&amp;gt;.
Please review these problems:

 - There was a table cell transformer for java.lang.String but the table was too wide to use it.
   Please reduce the table width to use this converter.

 - There was no table entry or table row transformer registered for java.lang.String.
   Please consider registering a table entry or row transformer.

Note: Usually solving one is enough">
      <![CDATA[io.cucumber.datatable.UndefinedDataTableTypeException: Can't convert DataTable to List<java.lang.String>.
Please review these problems:

 - There was a table cell transformer for java.lang.String but the table was too wide to use it.
   Please reduce the table width to use this converter.

 - There was no table entry or table row transformer registered for java.lang.String.
   Please consider registering a table entry or row transformer.

Note: Usually solving one is enough
at io.cucumber.datatable.UndefinedDataTableTypeException.listNoConverterDefined(UndefinedDataTableTypeException.java:102)
at io.cucumber.datatable.DataTableTypeRegistryTableConverter.toList(DataTableTypeRegistryTableConverter.java:144)
at io.cucumber.datatable.DataTable.asList(DataTable.java:199)
at pageclases.Activity.selectSensors(Activity.java:304)
at stepdefinations.ActivitySteps.add_below_sensors(ActivitySteps.java:185)
at ✽.Add below sensors(file:///C:/Users/LENOVO/Downloads/eco-master/src/test/resources/features/AddNewReport.feature:15)
]]>
    </failure>
  </testcase> <!-- runScenario -->
</testsuite> <!-- Default test -->
