<?xml version="1.0" encoding="UTF-8"?>
<testng-results ignored="0" total="3" passed="1" failed="2" skipped="0">
  <reporter-output>
  </reporter-output>
  <suite started-at="2024-06-21T20:27:51 IST" name="Default suite" finished-at="2024-06-21T20:28:29 IST" duration-ms="38299">
    <groups>
      <group name="cucumber">
        <method signature="AbstractTestNGCucumberTests.runScenario(io.cucumber.testng.PickleWrapper,io.cucumber.testng.FeatureWrapper)[pri:0, instance:testrunner.SmartSenseRunner@5b12b668]" name="runScenario" class="io.cucumber.testng.AbstractTestNGCucumberTests"/>
      </group> <!-- cucumber -->
    </groups>
    <test started-at="2024-06-21T20:27:51 IST" name="Default test" finished-at="2024-06-21T20:28:29 IST" duration-ms="38299">
      <class name="testrunner.SmartSenseRunner">
        <test-method is-config="true" signature="setUpClass(org.testng.ITestContext)[pri:0, instance:testrunner.SmartSenseRunner@5b12b668]" started-at="2024-06-21T20:27:51 IST" name="setUpClass" finished-at="2024-06-21T20:27:52 IST" duration-ms="1368" status="PASS">
          <params>
            <param index="0">
              <value>
                <![CDATA[org.testng.TestRunner@2f9dda71]]>
              </value>
            </param>
          </params>
          <reporter-output>
          </reporter-output>
        </test-method> <!-- setUpClass -->
        <test-method signature="runScenario(io.cucumber.testng.PickleWrapper,io.cucumber.testng.FeatureWrapper)[pri:0, instance:testrunner.SmartSenseRunner@5b12b668]" started-at="2024-06-21T20:27:52 IST" name="runScenario" description="Runs Cucumber Scenarios" data-provider="scenarios" finished-at="2024-06-21T20:28:09 IST" duration-ms="16548" status="PASS">
          <params>
            <param index="0">
              <value>
                <![CDATA["Login to Eco app"]]>
              </value>
            </param>
            <param index="1">
              <value>
                <![CDATA["create dashboard Module"]]>
              </value>
            </param>
          </params>
          <reporter-output>
          </reporter-output>
        </test-method> <!-- runScenario -->
        <test-method signature="runScenario(io.cucumber.testng.PickleWrapper,io.cucumber.testng.FeatureWrapper)[pri:0, instance:testrunner.SmartSenseRunner@5b12b668]" started-at="2024-06-21T20:28:09 IST" name="runScenario" description="Runs Cucumber Scenarios" data-provider="scenarios" finished-at="2024-06-21T20:28:23 IST" duration-ms="14305" status="FAIL">
          <params>
            <param index="0">
              <value>
                <![CDATA["Create dashboard and add widget successfully"]]>
              </value>
            </param>
            <param index="1">
              <value>
                <![CDATA["create dashboard Module"]]>
              </value>
            </param>
          </params>
          <exception class="io.cucumber.java.PendingException">
            <message>
              <![CDATA[TODO: implement me]]>
            </message>
            <full-stacktrace>
              <![CDATA[io.cucumber.java.PendingException: TODO: implement me
at stepdefinations.DashboardSteps.add_new_widget(DashboardSteps.java:33)
at ✽.Add new widget(file:///C:/Users/LENOVO/git/repository2/Eco_PVT_LTD/src/test/resources/features/AddDashboard.feature:16)
]]>
            </full-stacktrace>
          </exception> <!-- io.cucumber.java.PendingException -->
          <reporter-output>
          </reporter-output>
        </test-method> <!-- runScenario -->
        <test-method signature="runScenario(io.cucumber.testng.PickleWrapper,io.cucumber.testng.FeatureWrapper)[pri:0, instance:testrunner.SmartSenseRunner@5b12b668]" started-at="2024-06-21T20:28:23 IST" name="runScenario" description="Runs Cucumber Scenarios" data-provider="scenarios" finished-at="2024-06-21T20:28:23 IST" duration-ms="124" status="FAIL">
          <params>
            <param index="0">
              <value>
                <![CDATA["Edit dashboard"]]>
              </value>
            </param>
            <param index="1">
              <value>
                <![CDATA["create dashboard Module"]]>
              </value>
            </param>
          </params>
          <exception class="io.cucumber.java.PendingException">
            <message>
              <![CDATA[TODO: implement me]]>
            </message>
            <full-stacktrace>
              <![CDATA[io.cucumber.java.PendingException: TODO: implement me
at stepdefinations.DashboardSteps.user_is_on_smartsense_page_and_dashboard(DashboardSteps.java:45)
at ✽.User is on Smartsense page and dashboard(file:///C:/Users/LENOVO/git/repository2/Eco_PVT_LTD/src/test/resources/features/AddDashboard.feature:20)
]]>
            </full-stacktrace>
          </exception> <!-- io.cucumber.java.PendingException -->
          <reporter-output>
          </reporter-output>
        </test-method> <!-- runScenario -->
        <test-method is-config="true" signature="tearDownClass()[pri:0, instance:testrunner.SmartSenseRunner@5b12b668]" started-at="2024-06-21T20:28:23 IST" name="tearDownClass" finished-at="2024-06-21T20:28:29 IST" duration-ms="5843" status="PASS">
          <reporter-output>
          </reporter-output>
        </test-method> <!-- tearDownClass -->
      </class> <!-- testrunner.SmartSenseRunner -->
    </test> <!-- Default test -->
  </suite> <!-- Default suite -->
</testng-results>
