<?xml version="1.0" encoding="UTF-8"?>
<testng-results ignored="0" total="1" passed="0" failed="1" skipped="0">
  <reporter-output>
  </reporter-output>
  <suite started-at="2024-06-18T14:45:09 IST" name="Default suite" finished-at="2024-06-18T14:46:01 IST" duration-ms="52275">
    <groups>
      <group name="cucumber">
        <method signature="AbstractTestNGCucumberTests.runScenario(io.cucumber.testng.PickleWrapper,io.cucumber.testng.FeatureWrapper)[pri:0, instance:testrunner.SmartSenseRunner@1aafa419]" name="runScenario" class="io.cucumber.testng.AbstractTestNGCucumberTests"/>
      </group> <!-- cucumber -->
    </groups>
    <test started-at="2024-06-18T14:45:09 IST" name="Default test" finished-at="2024-06-18T14:46:01 IST" duration-ms="52275">
      <class name="testrunner.SmartSenseRunner">
        <test-method is-config="true" signature="setUpClass(org.testng.ITestContext)[pri:0, instance:testrunner.SmartSenseRunner@1aafa419]" started-at="2024-06-18T14:45:09 IST" name="setUpClass" finished-at="2024-06-18T14:45:09 IST" duration-ms="859" status="PASS">
          <params>
            <param index="0">
              <value>
                <![CDATA[org.testng.TestRunner@43d9f1a2]]>
              </value>
            </param>
          </params>
          <reporter-output>
          </reporter-output>
        </test-method> <!-- setUpClass -->
        <test-method signature="runScenario(io.cucumber.testng.PickleWrapper,io.cucumber.testng.FeatureWrapper)[pri:0, instance:testrunner.SmartSenseRunner@1aafa419]" started-at="2024-06-18T14:45:09 IST" name="runScenario" description="Runs Cucumber Scenarios" data-provider="scenarios" finished-at="2024-06-18T14:45:38 IST" duration-ms="28559" status="FAIL">
          <params>
            <param index="0">
              <value>
                <![CDATA["verify user able to Edit Report"]]>
              </value>
            </param>
            <param index="1">
              <value>
                <![CDATA["config report Module"]]>
              </value>
            </param>
          </params>
          <exception class="org.openqa.selenium.JavascriptException">
            <message>
              <![CDATA[javascript error: Unexpected token ':'
  (Session info: chrome=126.0.6478.62)
Build info: version: '4.20.0', revision: '866c76ca80'
System info: os.name: 'Windows 10', os.arch: 'amd64', os.version: '10.0', java.version: '18.0.1'
Driver info: org.openqa.selenium.chrome.ChromeDriver
Command: [dfa11374f59b8a2d5fcd8de129bb3b97, executeScript {args=[{element-6066-11e4-a52e-4f735466cecf=f.4207D06FC4C116FF9660A4C7A404182C.d.6EB578E6E746A7F3C64964D982156F74.e.132}], script=arguments[0].scrollIntoView():}]
Capabilities {acceptInsecureCerts: false, browserName: chrome, browserVersion: 126.0.6478.62, chrome: {chromedriverVersion: 126.0.6478.61 (8dc092df54ce..., userDataDir: C:\Users\LENOVO\AppData\Loc...}, fedcm:accounts: true, goog:chromeOptions: {debuggerAddress: localhost:52058}, networkConnectionEnabled: false, pageLoadStrategy: normal, platformName: windows, proxy: Proxy(), se:cdp: ws://localhost:52058/devtoo..., se:cdpVersion: 126.0.6478.62, setWindowRect: true, strictFileInteractability: false, timeouts: {implicit: 0, pageLoad: 300000, script: 30000}, unhandledPromptBehavior: dismiss and notify, webauthn:extension:credBlob: true, webauthn:extension:largeBlob: true, webauthn:extension:minPinLength: true, webauthn:extension:prf: true, webauthn:virtualAuthenticators: true}
Session ID: dfa11374f59b8a2d5fcd8de129bb3b97]]>
            </message>
            <full-stacktrace>
              <![CDATA[org.openqa.selenium.JavascriptException: javascript error: Unexpected token ':'
  (Session info: chrome=126.0.6478.62)
Build info: version: '4.20.0', revision: '866c76ca80'
System info: os.name: 'Windows 10', os.arch: 'amd64', os.version: '10.0', java.version: '18.0.1'
Driver info: org.openqa.selenium.chrome.ChromeDriver
Command: [dfa11374f59b8a2d5fcd8de129bb3b97, executeScript {args=[{element-6066-11e4-a52e-4f735466cecf=f.4207D06FC4C116FF9660A4C7A404182C.d.6EB578E6E746A7F3C64964D982156F74.e.132}], script=arguments[0].scrollIntoView():}]
Capabilities {acceptInsecureCerts: false, browserName: chrome, browserVersion: 126.0.6478.62, chrome: {chromedriverVersion: 126.0.6478.61 (8dc092df54ce..., userDataDir: C:\Users\LENOVO\AppData\Loc...}, fedcm:accounts: true, goog:chromeOptions: {debuggerAddress: localhost:52058}, networkConnectionEnabled: false, pageLoadStrategy: normal, platformName: windows, proxy: Proxy(), se:cdp: ws://localhost:52058/devtoo..., se:cdpVersion: 126.0.6478.62, setWindowRect: true, strictFileInteractability: false, timeouts: {implicit: 0, pageLoad: 300000, script: 30000}, unhandledPromptBehavior: dismiss and notify, webauthn:extension:credBlob: true, webauthn:extension:largeBlob: true, webauthn:extension:minPinLength: true, webauthn:extension:prf: true, webauthn:virtualAuthenticators: true}
Session ID: dfa11374f59b8a2d5fcd8de129bb3b97
at java.base/jdk.internal.reflect.DirectConstructorHandleAccessor.newInstance(DirectConstructorHandleAccessor.java:67)
at java.base/java.lang.reflect.Constructor.newInstanceWithCaller(Constructor.java:499)
at java.base/java.lang.reflect.Constructor.newInstance(Constructor.java:483)
at org.openqa.selenium.remote.ErrorCodec.decode(ErrorCodec.java:167)
at org.openqa.selenium.remote.codec.w3c.W3CHttpResponseCodec.decode(W3CHttpResponseCodec.java:138)
at org.openqa.selenium.remote.codec.w3c.W3CHttpResponseCodec.decode(W3CHttpResponseCodec.java:50)
at org.openqa.selenium.remote.HttpCommandExecutor.execute(HttpCommandExecutor.java:190)
at org.openqa.selenium.remote.service.DriverCommandExecutor.invokeExecute(DriverCommandExecutor.java:216)
at org.openqa.selenium.remote.service.DriverCommandExecutor.execute(DriverCommandExecutor.java:174)
at org.openqa.selenium.remote.RemoteWebDriver.execute(RemoteWebDriver.java:518)
at org.openqa.selenium.remote.RemoteWebDriver.executeScript(RemoteWebDriver.java:463)
at pageclases.Activity.clickOnUpdateConfigBtn(Activity.java:495)
at stepdefinations.ActivitySteps.update_the_report_name_as_and_click_on_updateconfig_button(ActivitySteps.java:277)
at ✽.update the report name as "Testt234" and click on updateconfig button(file:///C:/Users/LENOVO/git/repository2/Eco_PVT_LTD/src/test/resources/features/AddNewReport.feature:40)
]]>
            </full-stacktrace>
          </exception> <!-- org.openqa.selenium.JavascriptException -->
          <reporter-output>
          </reporter-output>
        </test-method> <!-- runScenario -->
        <test-method is-config="true" signature="tearDownClass()[pri:0, instance:testrunner.SmartSenseRunner@1aafa419]" started-at="2024-06-18T14:45:38 IST" name="tearDownClass" finished-at="2024-06-18T14:46:01 IST" duration-ms="22766" status="FAIL">
          <exception class="java.lang.RuntimeException">
            <message>
              <![CDATA[java.io.IOException: HTTP request failed:
> PUT https://cucumber-messages-app-s3bucket-61aropwgu4ox.s3.eu-west-3.amazonaws.com/reports/35d415ed-9dc2-4b9f-bbed-7596b41caeb8?X-Amz-Algorithm=AWS4-HMAC-SHA256&X-Amz-Credential=ASIAWE4HTFKNXKDTOT6X%2F20240618%2Feu-west-3%2Fs3%2Faws4_request&X-Amz-Date=20240618T091540Z&X-Amz-Expires=900&X-Amz-Security-Token=IQoJb3JpZ2luX2VjEGkaCWV1LXdlc3QtMyJHMEUCIEIdg8jFjz4BF1FjA47%2F3mF0WNKOgh3cF45PiruLso9jAiEAlRGux%2BLqScQZc2c46Mgo6ZrJi6HexfBstJ1OEPuc%2BHEqvQMIEhADGgw0MjI4MDE3NzkzNTUiDI2bUr0IKPBTDnVGByqaAy7z%2B0pkO89tmWGhjYp7YsWtRAE6po1KZWJVrxHo8NK4SYAeU379ZkNeQ1t8vAiMlMRL6scckPfojc0Nyh99HvSaW1C4%2BFwdi9iITCuNMNmoGH7wFkhz%2FTVUkd6n1zrvM0skEf%2BqyUVV2RbCqvxWBXvKUtrqE3TfB%2FCSDviECCoeMybaUl9HeSZfMr02vOx%2Fcyob1CUYvkW1F4DmFVhm%2BlkFlpfcRpC%2FFzb5d%2B21Emmp63NBHv8KZIvmtKfN26eyNkuDmHTCkAubKd2Y2l31vFuX1I6%2F6VjwFdvqVyNkCz9wLx7BdiZQvgmYWmNGbFD2N1EfKfvHQdDL3NUmoruOyHRJiTisfYz%2FkQkEZe4KEdcqgPRASznsmXyqDs4rebj6v0b3fReOd7W%2Foo2wf7iNSEoruhDsUdefDVOUeDiuTTRJZxOmpVNIxMSAFl6a6fkjVWz58TwjqgYNeLJ%2B2mwyU6NA0jpnkdEswJJVXD9Yx6JAPpnIfsHp2iGDW4oqmkT5K4zNefUXWxtdbzluUNypM1LiBQ1319AzHqmKMNyZxbMGOp4BUjXShZcGPNIVuaA7wARw9a%2FFfDPoYsSg7zXYIkjN3DfU6avsW6Q3JOFN1dankhdA88mwzLn7ct8UYGRh%2FnOMJxnTK94tJVjnYlEcS9G4wCtaZyLaVGrO42nBVFhWusTse%2BXYQt92CmpNx27HD0iu4SFxmJzL7pmrCmM%2BcX0uHOdr4Q%2Ft85EKK0H6ePixBr8XZHFvsrd2i3p3gOvnKYw%3D&X-Amz-Signature=d072f529499444be94e259ef305e152d0baa39fabbeafe6b0064d93891473ad0&X-Amz-SignedHeaders=host

]]>
            </message>
            <full-stacktrace>
              <![CDATA[java.lang.RuntimeException: java.io.IOException: HTTP request failed:
> PUT https://cucumber-messages-app-s3bucket-61aropwgu4ox.s3.eu-west-3.amazonaws.com/reports/35d415ed-9dc2-4b9f-bbed-7596b41caeb8?X-Amz-Algorithm=AWS4-HMAC-SHA256&X-Amz-Credential=ASIAWE4HTFKNXKDTOT6X%2F20240618%2Feu-west-3%2Fs3%2Faws4_request&X-Amz-Date=20240618T091540Z&X-Amz-Expires=900&X-Amz-Security-Token=IQoJb3JpZ2luX2VjEGkaCWV1LXdlc3QtMyJHMEUCIEIdg8jFjz4BF1FjA47%2F3mF0WNKOgh3cF45PiruLso9jAiEAlRGux%2BLqScQZc2c46Mgo6ZrJi6HexfBstJ1OEPuc%2BHEqvQMIEhADGgw0MjI4MDE3NzkzNTUiDI2bUr0IKPBTDnVGByqaAy7z%2B0pkO89tmWGhjYp7YsWtRAE6po1KZWJVrxHo8NK4SYAeU379ZkNeQ1t8vAiMlMRL6scckPfojc0Nyh99HvSaW1C4%2BFwdi9iITCuNMNmoGH7wFkhz%2FTVUkd6n1zrvM0skEf%2BqyUVV2RbCqvxWBXvKUtrqE3TfB%2FCSDviECCoeMybaUl9HeSZfMr02vOx%2Fcyob1CUYvkW1F4DmFVhm%2BlkFlpfcRpC%2FFzb5d%2B21Emmp63NBHv8KZIvmtKfN26eyNkuDmHTCkAubKd2Y2l31vFuX1I6%2F6VjwFdvqVyNkCz9wLx7BdiZQvgmYWmNGbFD2N1EfKfvHQdDL3NUmoruOyHRJiTisfYz%2FkQkEZe4KEdcqgPRASznsmXyqDs4rebj6v0b3fReOd7W%2Foo2wf7iNSEoruhDsUdefDVOUeDiuTTRJZxOmpVNIxMSAFl6a6fkjVWz58TwjqgYNeLJ%2B2mwyU6NA0jpnkdEswJJVXD9Yx6JAPpnIfsHp2iGDW4oqmkT5K4zNefUXWxtdbzluUNypM1LiBQ1319AzHqmKMNyZxbMGOp4BUjXShZcGPNIVuaA7wARw9a%2FFfDPoYsSg7zXYIkjN3DfU6avsW6Q3JOFN1dankhdA88mwzLn7ct8UYGRh%2FnOMJxnTK94tJVjnYlEcS9G4wCtaZyLaVGrO42nBVFhWusTse%2BXYQt92CmpNx27HD0iu4SFxmJzL7pmrCmM%2BcX0uHOdr4Q%2Ft85EKK0H6ePixBr8XZHFvsrd2i3p3gOvnKYw%3D&X-Amz-Signature=d072f529499444be94e259ef305e152d0baa39fabbeafe6b0064d93891473ad0&X-Amz-SignedHeaders=host


at io.cucumber.core.plugin.MessageFormatter.writeMessage(MessageFormatter.java:32)
at io.cucumber.core.eventbus.AbstractEventPublisher.send(AbstractEventPublisher.java:51)
at io.cucumber.core.eventbus.AbstractEventBus.send(AbstractEventBus.java:12)
at io.cucumber.core.runtime.SynchronizedEventBus.send(SynchronizedEventBus.java:47)
at io.cucumber.core.runtime.CucumberExecutionContext.emitTestRunFinished(CucumberExecutionContext.java:125)
at io.cucumber.core.runtime.CucumberExecutionContext.finishTestRun(CucumberExecutionContext.java:105)
at io.cucumber.testng.TestNGCucumberRunner.finish(TestNGCucumberRunner.java:145)
at io.cucumber.testng.AbstractTestNGCucumberTests.tearDownClass(AbstractTestNGCucumberTests.java:57)
at java.base/jdk.internal.reflect.DirectMethodHandleAccessor.invoke(DirectMethodHandleAccessor.java:104)
at java.base/java.lang.reflect.Method.invoke(Method.java:577)
at org.testng.internal.invokers.MethodInvocationHelper.invokeMethod(MethodInvocationHelper.java:139)
at org.testng.internal.invokers.MethodInvocationHelper.invokeMethodConsideringTimeout(MethodInvocationHelper.java:69)
at org.testng.internal.invokers.ConfigInvoker.invokeConfigurationMethod(ConfigInvoker.java:361)
at org.testng.internal.invokers.ConfigInvoker.invokeConfigurations(ConfigInvoker.java:296)
at org.testng.internal.invokers.TestMethodWorker.invokeAfterClassMethods(TestMethodWorker.java:222)
at org.testng.internal.invokers.TestMethodWorker.run(TestMethodWorker.java:131)
at java.base/java.util.ArrayList.forEach(ArrayList.java:1511)
at org.testng.TestRunner.privateRun(TestRunner.java:829)
at org.testng.TestRunner.run(TestRunner.java:602)
at org.testng.SuiteRunner.runTest(SuiteRunner.java:437)
at org.testng.SuiteRunner.runSequentially(SuiteRunner.java:431)
at org.testng.SuiteRunner.privateRun(SuiteRunner.java:391)
at org.testng.SuiteRunner.run(SuiteRunner.java:330)
at org.testng.SuiteRunnerWorker.runSuite(SuiteRunnerWorker.java:52)
at org.testng.SuiteRunnerWorker.run(SuiteRunnerWorker.java:95)
at org.testng.TestNG.runSuitesSequentially(TestNG.java:1256)
at org.testng.TestNG.runSuitesLocally(TestNG.java:1176)
at org.testng.TestNG.runSuites(TestNG.java:1099)
at org.testng.TestNG.run(TestNG.java:1067)
at org.testng.remote.AbstractRemoteTestNG.run(AbstractRemoteTestNG.java:115)
at org.testng.remote.RemoteTestNG.initAndRun(RemoteTestNG.java:251)
at org.testng.remote.RemoteTestNG.main(RemoteTestNG.java:77)
Caused by: java.io.IOException: HTTP request failed:
> PUT https://cucumber-messages-app-s3bucket-61aropwgu4ox.s3.eu-west-3.amazonaws.com/reports/35d415ed-9dc2-4b9f-bbed-7596b41caeb8?X-Amz-Algorithm=AWS4-HMAC-SHA256&X-Amz-Credential=ASIAWE4HTFKNXKDTOT6X%2F20240618%2Feu-west-3%2Fs3%2Faws4_request&X-Amz-Date=20240618T091540Z&X-Amz-Expires=900&X-Amz-Security-Token=IQoJb3JpZ2luX2VjEGkaCWV1LXdlc3QtMyJHMEUCIEIdg8jFjz4BF1FjA47%2F3mF0WNKOgh3cF45PiruLso9jAiEAlRGux%2BLqScQZc2c46Mgo6ZrJi6HexfBstJ1OEPuc%2BHEqvQMIEhADGgw0MjI4MDE3NzkzNTUiDI2bUr0IKPBTDnVGByqaAy7z%2B0pkO89tmWGhjYp7YsWtRAE6po1KZWJVrxHo8NK4SYAeU379ZkNeQ1t8vAiMlMRL6scckPfojc0Nyh99HvSaW1C4%2BFwdi9iITCuNMNmoGH7wFkhz%2FTVUkd6n1zrvM0skEf%2BqyUVV2RbCqvxWBXvKUtrqE3TfB%2FCSDviECCoeMybaUl9HeSZfMr02vOx%2Fcyob1CUYvkW1F4DmFVhm%2BlkFlpfcRpC%2FFzb5d%2B21Emmp63NBHv8KZIvmtKfN26eyNkuDmHTCkAubKd2Y2l31vFuX1I6%2F6VjwFdvqVyNkCz9wLx7BdiZQvgmYWmNGbFD2N1EfKfvHQdDL3NUmoruOyHRJiTisfYz%2FkQkEZe4KEdcqgPRASznsmXyqDs4rebj6v0b3fReOd7W%2Foo2wf7iNSEoruhDsUdefDVOUeDiuTTRJZxOmpVNIxMSAFl6a6fkjVWz58TwjqgYNeLJ%2B2mwyU6NA0jpnkdEswJJVXD9Yx6JAPpnIfsHp2iGDW4oqmkT5K4zNefUXWxtdbzluUNypM1LiBQ1319AzHqmKMNyZxbMGOp4BUjXShZcGPNIVuaA7wARw9a%2FFfDPoYsSg7zXYIkjN3DfU6avsW6Q3JOFN1dankhdA88mwzLn7ct8UYGRh%2FnOMJxnTK94tJVjnYlEcS9G4wCtaZyLaVGrO42nBVFhWusTse%2BXYQt92CmpNx27HD0iu4SFxmJzL7pmrCmM%2BcX0uHOdr4Q%2Ft85EKK0H6ePixBr8XZHFvsrd2i3p3gOvnKYw%3D&X-Amz-Signature=d072f529499444be94e259ef305e152d0baa39fabbeafe6b0064d93891473ad0&X-Amz-SignedHeaders=host


at io.cucumber.core.plugin.UrlOutputStream.createCurlLikeException(UrlOutputStream.java:150)
at io.cucumber.core.plugin.UrlOutputStream.sendRequestBody(UrlOutputStream.java:116)
at io.cucumber.core.plugin.UrlOutputStream.sendRequest(UrlOutputStream.java:94)
at io.cucumber.core.plugin.UrlOutputStream.sendRequest(UrlOutputStream.java:90)
at io.cucumber.core.plugin.UrlOutputStream.close(UrlOutputStream.java:65)
at java.base/sun.nio.cs.StreamEncoder.implClose(StreamEncoder.java:347)
at java.base/sun.nio.cs.StreamEncoder.close(StreamEncoder.java:169)
at java.base/java.io.OutputStreamWriter.close(OutputStreamWriter.java:254)
at io.cucumber.core.plugin.MessageFormatter.writeMessage(MessageFormatter.java:29)
... 31 more
Caused by: java.net.ConnectException: Connection timed out: connect
at java.base/sun.nio.ch.Net.connect0(Native Method)
at java.base/sun.nio.ch.Net.connect(Net.java:579)
at java.base/sun.nio.ch.Net.connect(Net.java:568)
at java.base/sun.nio.ch.NioSocketImpl.connect(NioSocketImpl.java:585)
at java.base/java.net.SocksSocketImpl.connect(SocksSocketImpl.java:327)
at java.base/java.net.Socket.connect(Socket.java:633)
at java.base/sun.security.ssl.SSLSocketImpl.connect(SSLSocketImpl.java:299)
at java.base/sun.security.ssl.BaseSSLSocketImpl.connect(BaseSSLSocketImpl.java:174)
at java.base/sun.net.NetworkClient.doConnect(NetworkClient.java:183)
at java.base/sun.net.www.http.HttpClient.openServer(HttpClient.java:498)
at java.base/sun.net.www.http.HttpClient.openServer(HttpClient.java:603)
at java.base/sun.net.www.protocol.https.HttpsClient.<init>(HttpsClient.java:264)
at java.base/sun.net.www.protocol.https.HttpsClient.New(HttpsClient.java:378)
at java.base/sun.net.www.protocol.https.AbstractDelegateHttpsURLConnection.getNewHttpClient(AbstractDelegateHttpsURLConnection.java:189)
at java.base/sun.net.www.protocol.http.HttpURLConnection.plainConnect0(HttpURLConnection.java:1287)
at java.base/sun.net.www.protocol.http.HttpURLConnection.plainConnect(HttpURLConnection.java:1128)
at java.base/sun.net.www.protocol.https.AbstractDelegateHttpsURLConnection.connect(AbstractDelegateHttpsURLConnection.java:175)
at java.base/sun.net.www.protocol.http.HttpURLConnection.getOutputStream0(HttpURLConnection.java:1430)
at java.base/sun.net.www.protocol.http.HttpURLConnection.getOutputStream(HttpURLConnection.java:1401)
at java.base/sun.net.www.protocol.https.HttpsURLConnectionImpl.getOutputStream(HttpsURLConnectionImpl.java:220)
at io.cucumber.core.plugin.UrlOutputStream.sendRequestBody(UrlOutputStream.java:111)
... 38 more
]]>
            </full-stacktrace>
          </exception> <!-- java.lang.RuntimeException -->
          <reporter-output>
          </reporter-output>
        </test-method> <!-- tearDownClass -->
      </class> <!-- testrunner.SmartSenseRunner -->
    </test> <!-- Default test -->
  </suite> <!-- Default suite -->
</testng-results>
