<?xml version="1.0" encoding="UTF-8"?>
<testng-results ignored="0" total="3" passed="2" failed="1" skipped="0">
  <reporter-output>
  </reporter-output>
  <suite started-at="2024-06-24T10:21:34 IST" name="Default suite" finished-at="2024-06-24T10:23:17 IST" duration-ms="103044">
    <groups>
      <group name="cucumber">
        <method signature="AbstractTestNGCucumberTests.runScenario(io.cucumber.testng.PickleWrapper,io.cucumber.testng.FeatureWrapper)[pri:0, instance:testrunner.SmartSenseRunner@5b12b668]" name="runScenario" class="io.cucumber.testng.AbstractTestNGCucumberTests"/>
      </group> <!-- cucumber -->
    </groups>
    <test started-at="2024-06-24T10:21:34 IST" name="Default test" finished-at="2024-06-24T10:23:17 IST" duration-ms="103044">
      <class name="testrunner.SmartSenseRunner">
        <test-method is-config="true" signature="setUpClass(org.testng.ITestContext)[pri:0, instance:testrunner.SmartSenseRunner@5b12b668]" started-at="2024-06-24T10:21:34 IST" name="setUpClass" finished-at="2024-06-24T10:21:35 IST" duration-ms="1198" status="PASS">
          <params>
            <param index="0">
              <value>
                <![CDATA[org.testng.TestRunner@6e090aaa]]>
              </value>
            </param>
          </params>
          <reporter-output>
          </reporter-output>
        </test-method> <!-- setUpClass -->
        <test-method signature="runScenario(io.cucumber.testng.PickleWrapper,io.cucumber.testng.FeatureWrapper)[pri:0, instance:testrunner.SmartSenseRunner@5b12b668]" started-at="2024-06-24T10:21:35 IST" name="runScenario" description="Runs Cucumber Scenarios" data-provider="scenarios" finished-at="2024-06-24T10:21:54 IST" duration-ms="18973" status="PASS">
          <params>
            <param index="0">
              <value>
                <![CDATA["Login to Eco app"]]>
              </value>
            </param>
            <param index="1">
              <value>
                <![CDATA["create dashboard Module"]]>
              </value>
            </param>
          </params>
          <reporter-output>
          </reporter-output>
        </test-method> <!-- runScenario -->
        <test-method signature="runScenario(io.cucumber.testng.PickleWrapper,io.cucumber.testng.FeatureWrapper)[pri:0, instance:testrunner.SmartSenseRunner@5b12b668]" started-at="2024-06-24T10:21:54 IST" name="runScenario" description="Runs Cucumber Scenarios" data-provider="scenarios" finished-at="2024-06-24T10:22:05 IST" duration-ms="10476" status="PASS">
          <params>
            <param index="0">
              <value>
                <![CDATA["Create dashboard and add widget successfully"]]>
              </value>
            </param>
            <param index="1">
              <value>
                <![CDATA["create dashboard Module"]]>
              </value>
            </param>
          </params>
          <reporter-output>
          </reporter-output>
        </test-method> <!-- runScenario -->
        <test-method signature="runScenario(io.cucumber.testng.PickleWrapper,io.cucumber.testng.FeatureWrapper)[pri:0, instance:testrunner.SmartSenseRunner@5b12b668]" started-at="2024-06-24T10:22:05 IST" name="runScenario" description="Runs Cucumber Scenarios" data-provider="scenarios" finished-at="2024-06-24T10:23:15 IST" duration-ms="70003" status="FAIL">
          <params>
            <param index="0">
              <value>
                <![CDATA["Edit dashboard"]]>
              </value>
            </param>
            <param index="1">
              <value>
                <![CDATA["create dashboard Module"]]>
              </value>
            </param>
          </params>
          <exception class="org.openqa.selenium.TimeoutException">
            <message>
              <![CDATA[Expected condition failed: waiting for visibility of [[ChromeDriver: chrome on windows (653ac6d4f0658f90e2899be50acd5bc3)] -> xpath: //i[@class='fas fa-ellipsis-v']] (tried for 30 second(s) with 500 milliseconds interval)
Build info: version: '4.20.0', revision: '866c76ca80'
System info: os.name: 'Windows 10', os.arch: 'amd64', os.version: '10.0', java.version: '18.0.1'
Driver info: org.openqa.selenium.chrome.ChromeDriver
Capabilities {acceptInsecureCerts: false, browserName: chrome, browserVersion: 126.0.6478.114, chrome: {chromedriverVersion: 126.0.6478.63 (df799988fdc9..., userDataDir: C:\Users\LENOVO\AppData\Loc...}, fedcm:accounts: true, goog:chromeOptions: {debuggerAddress: localhost:56251}, networkConnectionEnabled: false, pageLoadStrategy: normal, platformName: windows, proxy: Proxy(), se:cdp: ws://localhost:56251/devtoo..., se:cdpVersion: 126.0.6478.114, setWindowRect: true, strictFileInteractability: false, timeouts: {implicit: 0, pageLoad: 300000, script: 30000}, unhandledPromptBehavior: dismiss and notify, webauthn:extension:credBlob: true, webauthn:extension:largeBlob: true, webauthn:extension:minPinLength: true, webauthn:extension:prf: true, webauthn:virtualAuthenticators: true}
Session ID: 653ac6d4f0658f90e2899be50acd5bc3]]>
            </message>
            <full-stacktrace>
              <![CDATA[org.openqa.selenium.TimeoutException: Expected condition failed: waiting for visibility of [[ChromeDriver: chrome on windows (653ac6d4f0658f90e2899be50acd5bc3)] -> xpath: //i[@class='fas fa-ellipsis-v']] (tried for 30 second(s) with 500 milliseconds interval)
Build info: version: '4.20.0', revision: '866c76ca80'
System info: os.name: 'Windows 10', os.arch: 'amd64', os.version: '10.0', java.version: '18.0.1'
Driver info: org.openqa.selenium.chrome.ChromeDriver
Capabilities {acceptInsecureCerts: false, browserName: chrome, browserVersion: 126.0.6478.114, chrome: {chromedriverVersion: 126.0.6478.63 (df799988fdc9..., userDataDir: C:\Users\LENOVO\AppData\Loc...}, fedcm:accounts: true, goog:chromeOptions: {debuggerAddress: localhost:56251}, networkConnectionEnabled: false, pageLoadStrategy: normal, platformName: windows, proxy: Proxy(), se:cdp: ws://localhost:56251/devtoo..., se:cdpVersion: 126.0.6478.114, setWindowRect: true, strictFileInteractability: false, timeouts: {implicit: 0, pageLoad: 300000, script: 30000}, unhandledPromptBehavior: dismiss and notify, webauthn:extension:credBlob: true, webauthn:extension:largeBlob: true, webauthn:extension:minPinLength: true, webauthn:extension:prf: true, webauthn:virtualAuthenticators: true}
Session ID: 653ac6d4f0658f90e2899be50acd5bc3
at org.openqa.selenium.support.ui.WebDriverWait.timeoutException(WebDriverWait.java:84)
at org.openqa.selenium.support.ui.FluentWait.until(FluentWait.java:228)
at com.eco.base.BaseClass.applyExplicitWaitsUntilElementClickable(BaseClass.java:27)
at pageclases.Dashboard.downloadWidgetDataAsImg(Dashboard.java:415)
at stepdefinations.DashboardSteps.user_download_the_widget_data_as_img(DashboardSteps.java:55)
at ✽.User Download the widget data as img(file:///C:/Users/LENOVO/git/repository2/Eco_PVT_LTD/src/test/resources/features/AddDashboard.feature:24)
]]>
            </full-stacktrace>
          </exception> <!-- org.openqa.selenium.TimeoutException -->
          <reporter-output>
          </reporter-output>
        </test-method> <!-- runScenario -->
        <test-method is-config="true" signature="tearDownClass()[pri:0, instance:testrunner.SmartSenseRunner@5b12b668]" started-at="2024-06-24T10:23:15 IST" name="tearDownClass" finished-at="2024-06-24T10:23:17 IST" duration-ms="2302" status="PASS">
          <reporter-output>
          </reporter-output>
        </test-method> <!-- tearDownClass -->
      </class> <!-- testrunner.SmartSenseRunner -->
    </test> <!-- Default test -->
  </suite> <!-- Default suite -->
</testng-results>
