<?xml version="1.0" encoding="UTF-8"?>
<!-- Generated by org.testng.reporters.JUnitReportReporter -->
<testsuite hostname="DESKTOP-FQ8B5OB" failures="0" tests="3" name="testrunner.SmartSenseRunner" time="242.428" errors="1" timestamp="2024-06-19T14:24:38 IST" skipped="0">
  <testcase classname="testrunner.SmartSenseRunner" name="runScenario" time="78.548">
    <error message="no such element: Unable to locate element: {&quot;method&quot;:&quot;xpath&quot;,&quot;selector&quot;:&quot;//div[normalize-space()=&#039;ActivityReport&#039; and @class=&#039;configured-reports-table-cell&#039;]//ancestor::div[@class=&#039;rt-tr -odd&#039;]//span[@class=&#039;checkmark&#039;]&quot;}
  (Session info: chrome=126.0.6478.62)
For documentation on this error, please visit: https://www.selenium.dev/documentation/webdriver/troubleshooting/errors#no-such-element-exception
Build info: version: &#039;4.20.0&#039;, revision: &#039;866c76ca80&#039;
System info: os.name: &#039;Windows 10&#039;, os.arch: &#039;amd64&#039;, os.version: &#039;10.0&#039;, java.version: &#039;18.0.1&#039;
Driver info: org.openqa.selenium.chrome.ChromeDriver
Command: [2411f95f523f8fb0dc94f8de8ced6066, findElement {using=xpath, value=//div[normalize-space()=&#039;ActivityReport&#039; and @class=&#039;configured-reports-table-cell&#039;]//ancestor::div[@class=&#039;rt-tr -odd&#039;]//span[@class=&#039;checkmark&#039;]}]
Capabilities {acceptInsecureCerts: false, browserName: chrome, browserVersion: 126.0.6478.62, chrome: {chromedriverVersion: 126.0.6478.62 (b2781ca4c383..., userDataDir: C:\Users\LENOVO\AppData\Loc...}, fedcm:accounts: true, goog:chromeOptions: {debuggerAddress: localhost:56095}, networkConnectionEnabled: false, pageLoadStrategy: normal, platformName: windows, proxy: Proxy(), se:cdp: ws://localhost:56095/devtoo..., se:cdpVersion: 126.0.6478.62, setWindowRect: true, strictFileInteractability: false, timeouts: {implicit: 0, pageLoad: 300000, script: 30000}, unhandledPromptBehavior: dismiss and notify, webauthn:extension:credBlob: true, webauthn:extension:largeBlob: true, webauthn:extension:minPinLength: true, webauthn:extension:prf: true, webauthn:virtualAuthenticators: true}
Session ID: 2411f95f523f8fb0dc94f8de8ced6066" type="org.openqa.selenium.NoSuchElementException">
      <![CDATA[org.openqa.selenium.NoSuchElementException: no such element: Unable to locate element: {"method":"xpath","selector":"//div[normalize-space()='ActivityReport' and @class='configured-reports-table-cell']//ancestor::div[@class='rt-tr -odd']//span[@class='checkmark']"}
  (Session info: chrome=126.0.6478.62)
For documentation on this error, please visit: https://www.selenium.dev/documentation/webdriver/troubleshooting/errors#no-such-element-exception
Build info: version: '4.20.0', revision: '866c76ca80'
System info: os.name: 'Windows 10', os.arch: 'amd64', os.version: '10.0', java.version: '18.0.1'
Driver info: org.openqa.selenium.chrome.ChromeDriver
Command: [2411f95f523f8fb0dc94f8de8ced6066, findElement {using=xpath, value=//div[normalize-space()='ActivityReport' and @class='configured-reports-table-cell']//ancestor::div[@class='rt-tr -odd']//span[@class='checkmark']}]
Capabilities {acceptInsecureCerts: false, browserName: chrome, browserVersion: 126.0.6478.62, chrome: {chromedriverVersion: 126.0.6478.62 (b2781ca4c383..., userDataDir: C:\Users\LENOVO\AppData\Loc...}, fedcm:accounts: true, goog:chromeOptions: {debuggerAddress: localhost:56095}, networkConnectionEnabled: false, pageLoadStrategy: normal, platformName: windows, proxy: Proxy(), se:cdp: ws://localhost:56095/devtoo..., se:cdpVersion: 126.0.6478.62, setWindowRect: true, strictFileInteractability: false, timeouts: {implicit: 0, pageLoad: 300000, script: 30000}, unhandledPromptBehavior: dismiss and notify, webauthn:extension:credBlob: true, webauthn:extension:largeBlob: true, webauthn:extension:minPinLength: true, webauthn:extension:prf: true, webauthn:virtualAuthenticators: true}
Session ID: 2411f95f523f8fb0dc94f8de8ced6066
at java.base/jdk.internal.reflect.DirectConstructorHandleAccessor.newInstance(DirectConstructorHandleAccessor.java:67)
at java.base/java.lang.reflect.Constructor.newInstanceWithCaller(Constructor.java:499)
at java.base/java.lang.reflect.Constructor.newInstance(Constructor.java:483)
at org.openqa.selenium.remote.ErrorCodec.decode(ErrorCodec.java:167)
at org.openqa.selenium.remote.codec.w3c.W3CHttpResponseCodec.decode(W3CHttpResponseCodec.java:138)
at org.openqa.selenium.remote.codec.w3c.W3CHttpResponseCodec.decode(W3CHttpResponseCodec.java:50)
at org.openqa.selenium.remote.HttpCommandExecutor.execute(HttpCommandExecutor.java:190)
at org.openqa.selenium.remote.service.DriverCommandExecutor.invokeExecute(DriverCommandExecutor.java:216)
at org.openqa.selenium.remote.service.DriverCommandExecutor.execute(DriverCommandExecutor.java:174)
at org.openqa.selenium.remote.RemoteWebDriver.execute(RemoteWebDriver.java:518)
at org.openqa.selenium.remote.ElementLocation$ElementFinder$2.findElement(ElementLocation.java:165)
at org.openqa.selenium.remote.ElementLocation.findElement(ElementLocation.java:59)
at org.openqa.selenium.remote.RemoteWebDriver.findElement(RemoteWebDriver.java:355)
at org.openqa.selenium.remote.RemoteWebDriver.findElement(RemoteWebDriver.java:349)
at pageclases.Activity.clickOnCheckBox(Activity.java:510)
at stepdefinations.ActivitySteps.click_on_check_box_whose_report_name_as_and_click_on_export_btn_and_then_delete_button(ActivitySteps.java:352)
at ✽.Click on checkBox whose report name as "ActivityReport" and click on export btn and then  deleteButton(file:///C:/Users/LENOVO/git/repository2/Eco_PVT_LTD/src/test/resources/features/AddNewReport.feature:53)
]]>
    </error>
  </testcase> <!-- runScenario -->
  <system-out/>
  <testcase classname="testrunner.SmartSenseRunner" name="runScenario" time="146.378"/>
  <system-out/>
  <testcase classname="testrunner.SmartSenseRunner" name="runScenario" time="17.502"/>
  <system-out/>
</testsuite> <!-- testrunner.SmartSenseRunner -->
